app/build/intermediates/manifest_merge_blame_file/debug/manifest-merger-blame-debug-report.txt
1<?xml version="1.0" encoding="utf-8"?>
2<manifest xmlns:android="http://schemas.android.com/apk/res/android"
3    package="com.example.mapboxdemo2"
4    android:versionCode="1"
5    android:versionName="1.0" >
6
7    <uses-sdk
8        android:minSdkVersion="24"
9        android:targetSdkVersion="34" />
10
11    <!-- Internet permission for map loading and search -->
12    <uses-permission android:name="android.permission.INTERNET" />
12-->src/main/AndroidManifest.xml:6:5-67
12-->src/main/AndroidManifest.xml:6:22-64
13
14    <!-- Location permissions -->
15    <uses-permission android:name="android.permission.ACCESS_COARSE_LOCATION" />
15-->src/main/AndroidManifest.xml:9:5-81
15-->src/main/AndroidManifest.xml:9:22-78
16    <uses-permission android:name="android.permission.ACCESS_FINE_LOCATION" />
16-->src/main/AndroidManifest.xml:10:5-79
16-->src/main/AndroidManifest.xml:10:22-76
17
18    <uses-feature
18-->[com.mapbox.maps:android-core:11.12.0] AndroidManifest.xml:8:5-10:35
19        android:glEsVersion="0x00030000"
19-->[com.mapbox.maps:android-core:11.12.0] AndroidManifest.xml:9:9-41
20        android:required="true" />
20-->[com.mapbox.maps:android-core:11.12.0] AndroidManifest.xml:10:9-32
21    <uses-feature
21-->[com.mapbox.maps:android-core:11.12.0] AndroidManifest.xml:11:5-13:36
22        android:name="android.hardware.wifi"
22-->[com.mapbox.maps:android-core:11.12.0] AndroidManifest.xml:12:9-45
23        android:required="false" />
23-->[com.mapbox.maps:android-core:11.12.0] AndroidManifest.xml:13:9-33
24
25    <uses-permission android:name="android.permission.ACCESS_NETWORK_STATE" />
25-->[com.mapbox.maps:android-core:11.12.0] AndroidManifest.xml:16:5-79
25-->[com.mapbox.maps:android-core:11.12.0] AndroidManifest.xml:16:22-76
26    <uses-permission android:name="android.permission.ACCESS_WIFI_STATE" />
26-->[com.mapbox.maps:android-core:11.12.0] AndroidManifest.xml:17:5-76
26-->[com.mapbox.maps:android-core:11.12.0] AndroidManifest.xml:17:22-73
27
28    <permission
28-->[androidx.core:core:1.12.0] AndroidManifest.xml:22:5-24:47
29        android:name="com.example.mapboxdemo2.DYNAMIC_RECEIVER_NOT_EXPORTED_PERMISSION"
29-->[androidx.core:core:1.12.0] AndroidManifest.xml:23:9-81
30        android:protectionLevel="signature" />
30-->[androidx.core:core:1.12.0] AndroidManifest.xml:24:9-44
31
32    <uses-permission android:name="com.example.mapboxdemo2.DYNAMIC_RECEIVER_NOT_EXPORTED_PERMISSION" /> <!-- <uses-permission android:name="android.permission.READ_EXTERNAL_STORAGE" /> -->
32-->[androidx.core:core:1.12.0] AndroidManifest.xml:26:5-97
32-->[androidx.core:core:1.12.0] AndroidManifest.xml:26:22-94
33    <application
33-->src/main/AndroidManifest.xml:14:5-33:19
34        android:allowBackup="true"
34-->src/main/AndroidManifest.xml:15:9-35
35        android:appComponentFactory="androidx.core.app.CoreComponentFactory"
35-->[androidx.core:core:1.12.0] AndroidManifest.xml:28:18-86
36        android:dataExtractionRules="@xml/data_extraction_rules"
36-->src/main/AndroidManifest.xml:16:9-65
37        android:debuggable="true"
38        android:extractNativeLibs="false"
39        android:fullBackupContent="@xml/backup_rules"
39-->src/main/AndroidManifest.xml:17:9-54
40        android:icon="@mipmap/ic_launcher"
40-->src/main/AndroidManifest.xml:18:9-43
41        android:label="@string/app_name"
41-->src/main/AndroidManifest.xml:19:9-41
42        android:roundIcon="@mipmap/ic_launcher_round"
42-->src/main/AndroidManifest.xml:20:9-54
43        android:supportsRtl="true"
43-->src/main/AndroidManifest.xml:21:9-35
44        android:testOnly="true"
45        android:theme="@style/Theme.MapboxDemo2" >
45-->src/main/AndroidManifest.xml:22:9-49
46        <activity
46-->src/main/AndroidManifest.xml:24:9-31:20
47            android:name="com.example.mapboxdemo2.MainActivity"
47-->src/main/AndroidManifest.xml:25:13-41
48            android:exported="true" >
48-->src/main/AndroidManifest.xml:26:13-36
49            <intent-filter>
49-->src/main/AndroidManifest.xml:27:13-30:29
50                <action android:name="android.intent.action.MAIN" />
50-->src/main/AndroidManifest.xml:28:17-69
50-->src/main/AndroidManifest.xml:28:25-66
51
52                <category android:name="android.intent.category.LAUNCHER" />
52-->src/main/AndroidManifest.xml:29:17-77
52-->src/main/AndroidManifest.xml:29:27-74
53            </intent-filter>
54        </activity>
55
56        <provider
56-->[com.mapbox.search:mapbox-search-android:2.12.0] AndroidManifest.xml:11:9-19:20
57            android:name="androidx.startup.InitializationProvider"
57-->[com.mapbox.search:mapbox-search-android:2.12.0] AndroidManifest.xml:12:13-67
58            android:authorities="com.example.mapboxdemo2.androidx-startup"
58-->[com.mapbox.search:mapbox-search-android:2.12.0] AndroidManifest.xml:13:13-68
59            android:exported="false" >
59-->[com.mapbox.search:mapbox-search-android:2.12.0] AndroidManifest.xml:14:13-37
60            <meta-data
60-->[com.mapbox.search:mapbox-search-android:2.12.0] AndroidManifest.xml:16:13-18:52
61                android:name="com.mapbox.search.MapboxSearchSdkInitializer"
61-->[com.mapbox.search:mapbox-search-android:2.12.0] AndroidManifest.xml:17:17-76
62                android:value="androidx.startup" />
62-->[com.mapbox.search:mapbox-search-android:2.12.0] AndroidManifest.xml:18:17-49
63            <meta-data
63-->[com.mapbox.search:base:2.12.0] AndroidManifest.xml:16:13-18:52
64                android:name="com.mapbox.search.base.BaseSearchSdkInitializer"
64-->[com.mapbox.search:base:2.12.0] AndroidManifest.xml:17:17-79
65                android:value="androidx.startup" />
65-->[com.mapbox.search:base:2.12.0] AndroidManifest.xml:18:17-49
66            <meta-data
66-->[com.mapbox.search:mapbox-search-android-native:2.12.0] AndroidManifest.xml:14:13-16:52
67                android:name="com.mapbox.search.core.MapboxSearchCoreInitializer"
67-->[com.mapbox.search:mapbox-search-android-native:2.12.0] AndroidManifest.xml:15:17-82
68                android:value="androidx.startup" />
68-->[com.mapbox.search:mapbox-search-android-native:2.12.0] AndroidManifest.xml:16:17-49
69            <meta-data
69-->[com.mapbox.maps:android-core:11.12.0] AndroidManifest.xml:25:13-27:52
70                android:name="com.mapbox.maps.loader.MapboxMapsInitializer"
70-->[com.mapbox.maps:android-core:11.12.0] AndroidManifest.xml:26:17-76
71                android:value="androidx.startup" /> <!-- This entry makes MapboxSDKCommonInitializer discoverable. -->
71-->[com.mapbox.maps:android-core:11.12.0] AndroidManifest.xml:27:17-49
72            <meta-data
72-->[com.mapbox.common:common:24.12.0] AndroidManifest.xml:19:13-21:52
73                android:name="com.mapbox.common.MapboxSDKCommonInitializer"
73-->[com.mapbox.common:common:24.12.0] AndroidManifest.xml:20:17-76
74                android:value="androidx.startup" />
74-->[com.mapbox.common:common:24.12.0] AndroidManifest.xml:21:17-49
75            <meta-data
75-->[androidx.emoji2:emoji2:1.2.0] AndroidManifest.xml:29:13-31:52
76                android:name="androidx.emoji2.text.EmojiCompatInitializer"
76-->[androidx.emoji2:emoji2:1.2.0] AndroidManifest.xml:30:17-75
77                android:value="androidx.startup" />
77-->[androidx.emoji2:emoji2:1.2.0] AndroidManifest.xml:31:17-49
78            <meta-data
78-->[androidx.lifecycle:lifecycle-process:2.7.0] AndroidManifest.xml:29:13-31:52
79                android:name="androidx.lifecycle.ProcessLifecycleInitializer"
79-->[androidx.lifecycle:lifecycle-process:2.7.0] AndroidManifest.xml:30:17-78
80                android:value="androidx.startup" />
80-->[androidx.lifecycle:lifecycle-process:2.7.0] AndroidManifest.xml:31:17-49
81            <meta-data
81-->[androidx.profileinstaller:profileinstaller:1.3.0] AndroidManifest.xml:29:13-31:52
82                android:name="androidx.profileinstaller.ProfileInstallerInitializer"
82-->[androidx.profileinstaller:profileinstaller:1.3.0] AndroidManifest.xml:30:17-85
83                android:value="androidx.startup" />
83-->[androidx.profileinstaller:profileinstaller:1.3.0] AndroidManifest.xml:31:17-49
84        </provider>
85
86        <receiver
86-->[com.mapbox.common:common:24.12.0] AndroidManifest.xml:24:9-31:20
87            android:name="com.mapbox.common.location.LocationUpdatesReceiver"
87-->[com.mapbox.common:common:24.12.0] AndroidManifest.xml:25:13-78
88            android:enabled="true"
88-->[com.mapbox.common:common:24.12.0] AndroidManifest.xml:26:13-35
89            android:exported="false" >
89-->[com.mapbox.common:common:24.12.0] AndroidManifest.xml:27:13-37
90            <intent-filter>
90-->[com.mapbox.common:common:24.12.0] AndroidManifest.xml:28:13-30:29
91                <action android:name="com.mapbox.common.location.LocationUpdatesReceiver.ACTION_PROCESS_LOCATION_UPDATES" />
91-->[com.mapbox.common:common:24.12.0] AndroidManifest.xml:29:17-125
91-->[com.mapbox.common:common:24.12.0] AndroidManifest.xml:29:25-122
92            </intent-filter>
93        </receiver>
94
95        <service
95-->[com.mapbox.common:common:24.12.0] AndroidManifest.xml:33:9-35:40
96            android:name="com.mapbox.common.LifecycleService"
96-->[com.mapbox.common:common:24.12.0] AndroidManifest.xml:34:13-62
97            android:exported="false" />
97-->[com.mapbox.common:common:24.12.0] AndroidManifest.xml:35:13-37
98
99        <activity
99-->[com.google.android.gms:play-services-base:18.5.0] AndroidManifest.xml:5:9-173
100            android:name="com.google.android.gms.common.api.GoogleApiActivity"
100-->[com.google.android.gms:play-services-base:18.5.0] AndroidManifest.xml:5:19-85
101            android:exported="false"
101-->[com.google.android.gms:play-services-base:18.5.0] AndroidManifest.xml:5:146-170
102            android:theme="@android:style/Theme.Translucent.NoTitleBar" />
102-->[com.google.android.gms:play-services-base:18.5.0] AndroidManifest.xml:5:86-145
103
104        <meta-data
104-->[com.google.android.gms:play-services-basement:18.4.0] AndroidManifest.xml:6:9-122
105            android:name="com.google.android.gms.version"
105-->[com.google.android.gms:play-services-basement:18.4.0] AndroidManifest.xml:6:20-65
106            android:value="@integer/google_play_services_version" />
106-->[com.google.android.gms:play-services-basement:18.4.0] AndroidManifest.xml:6:66-119
107
108        <receiver
108-->[androidx.profileinstaller:profileinstaller:1.3.0] AndroidManifest.xml:34:9-52:20
109            android:name="androidx.profileinstaller.ProfileInstallReceiver"
109-->[androidx.profileinstaller:profileinstaller:1.3.0] AndroidManifest.xml:35:13-76
110            android:directBootAware="false"
110-->[androidx.profileinstaller:profileinstaller:1.3.0] AndroidManifest.xml:36:13-44
111            android:enabled="true"
111-->[androidx.profileinstaller:profileinstaller:1.3.0] AndroidManifest.xml:37:13-35
112            android:exported="true"
112-->[androidx.profileinstaller:profileinstaller:1.3.0] AndroidManifest.xml:38:13-36
113            android:permission="android.permission.DUMP" >
113-->[androidx.profileinstaller:profileinstaller:1.3.0] AndroidManifest.xml:39:13-57
114            <intent-filter>
114-->[androidx.profileinstaller:profileinstaller:1.3.0] AndroidManifest.xml:40:13-42:29
115                <action android:name="androidx.profileinstaller.action.INSTALL_PROFILE" />
115-->[androidx.profileinstaller:profileinstaller:1.3.0] AndroidManifest.xml:41:17-91
115-->[androidx.profileinstaller:profileinstaller:1.3.0] AndroidManifest.xml:41:25-88
116            </intent-filter>
117            <intent-filter>
117-->[androidx.profileinstaller:profileinstaller:1.3.0] AndroidManifest.xml:43:13-45:29
118                <action android:name="androidx.profileinstaller.action.SKIP_FILE" />
118-->[androidx.profileinstaller:profileinstaller:1.3.0] AndroidManifest.xml:44:17-85
118-->[androidx.profileinstaller:profileinstaller:1.3.0] AndroidManifest.xml:44:25-82
119            </intent-filter>
120            <intent-filter>
120-->[androidx.profileinstaller:profileinstaller:1.3.0] AndroidManifest.xml:46:13-48:29
121                <action android:name="androidx.profileinstaller.action.SAVE_PROFILE" />
121-->[androidx.profileinstaller:profileinstaller:1.3.0] AndroidManifest.xml:47:17-88
121-->[androidx.profileinstaller:profileinstaller:1.3.0] AndroidManifest.xml:47:25-85
122            </intent-filter>
123            <intent-filter>
123-->[androidx.profileinstaller:profileinstaller:1.3.0] AndroidManifest.xml:49:13-51:29
124                <action android:name="androidx.profileinstaller.action.BENCHMARK_OPERATION" />
124-->[androidx.profileinstaller:profileinstaller:1.3.0] AndroidManifest.xml:50:17-95
124-->[androidx.profileinstaller:profileinstaller:1.3.0] AndroidManifest.xml:50:25-92
125            </intent-filter>
126        </receiver>
127    </application>
128
129</manifest>